<?xml version="1.0" encoding="UTF-8"?>
<testng-results skipped="0" failed="0" ignored="0" total="6" passed="6">
  <reporter-output>
  </reporter-output>
  <suite name="HybridFrameworkSuite" duration-ms="56165" started-at="2022-05-08T07:26:31 IST" finished-at="2022-05-08T07:27:27 IST">
    <groups>
    </groups>
    <test name="HybridFrameworkTest" duration-ms="56165" started-at="2022-05-08T07:26:31 IST" finished-at="2022-05-08T07:27:27 IST">
      <class name="com.qa.linkedin.testcases.SearchDatadrivenTest">
        <test-method status="PASS" signature="setup()[pri:0, instance:com.qa.linkedin.testcases.SearchDatadrivenTest@15761df8]" name="setup" is-config="true" duration-ms="9994" started-at="2022-05-08T07:26:21 IST" finished-at="2022-05-08T07:26:31 IST">
          <reporter-output>
          </reporter-output>
        </test-method> <!-- setup -->
        <test-method status="PASS" signature="initializeObjects()[pri:0, instance:com.qa.linkedin.testcases.SearchDatadrivenTest@15761df8]" name="initializeObjects" is-config="true" duration-ms="128" started-at="2022-05-08T07:26:31 IST" finished-at="2022-05-08T07:26:31 IST">
          <reporter-output>
          </reporter-output>
        </test-method> <!-- initializeObjects -->
        <test-method status="PASS" signature="doLoginTest()[pri:0, instance:com.qa.linkedin.testcases.SearchDatadrivenTest@15761df8]" name="doLoginTest" duration-ms="13945" started-at="2022-05-08T07:26:31 IST" finished-at="2022-05-08T07:26:45 IST">
          <reporter-output>
          </reporter-output>
        </test-method> <!-- doLoginTest -->
        <test-method status="PASS" signature="doSearhTest(java.lang.String)[pri:0, instance:com.qa.linkedin.testcases.SearchDatadrivenTest@15761df8]" name="doSearhTest" duration-ms="11111" started-at="2022-05-08T07:26:48 IST" data-provider="dp" depends-on-methods="com.qa.linkedin.testcases.SearchDatadrivenTest.doLoginTest" finished-at="2022-05-08T07:26:59 IST">
          <params>
            <param index="0">
              <value>
                <![CDATA[ramesh]]>
              </value>
            </param>
          </params>
          <reporter-output>
          </reporter-output>
        </test-method> <!-- doSearhTest -->
        <test-method status="PASS" signature="doSearhTest(java.lang.String)[pri:0, instance:com.qa.linkedin.testcases.SearchDatadrivenTest@15761df8]" name="doSearhTest" duration-ms="6625" started-at="2022-05-08T07:26:59 IST" data-provider="dp" depends-on-methods="com.qa.linkedin.testcases.SearchDatadrivenTest.doLoginTest" finished-at="2022-05-08T07:27:06 IST">
          <params>
            <param index="0">
              <value>
                <![CDATA[Madhu]]>
              </value>
            </param>
          </params>
          <reporter-output>
          </reporter-output>
        </test-method> <!-- doSearhTest -->
        <test-method status="PASS" signature="doSearhTest(java.lang.String)[pri:0, instance:com.qa.linkedin.testcases.SearchDatadrivenTest@15761df8]" name="doSearhTest" duration-ms="6232" started-at="2022-05-08T07:27:06 IST" data-provider="dp" depends-on-methods="com.qa.linkedin.testcases.SearchDatadrivenTest.doLoginTest" finished-at="2022-05-08T07:27:12 IST">
          <params>
            <param index="0">
              <value>
                <![CDATA[Prasad]]>
              </value>
            </param>
          </params>
          <reporter-output>
          </reporter-output>
        </test-method> <!-- doSearhTest -->
        <test-method status="PASS" signature="doSearhTest(java.lang.String)[pri:0, instance:com.qa.linkedin.testcases.SearchDatadrivenTest@15761df8]" name="doSearhTest" duration-ms="7161" started-at="2022-05-08T07:27:12 IST" data-provider="dp" depends-on-methods="com.qa.linkedin.testcases.SearchDatadrivenTest.doLoginTest" finished-at="2022-05-08T07:27:19 IST">
          <params>
            <param index="0">
              <value>
                <![CDATA[Manikanta]]>
              </value>
            </param>
          </params>
          <reporter-output>
          </reporter-output>
        </test-method> <!-- doSearhTest -->
        <test-method status="PASS" signature="doSearhTest(java.lang.String)[pri:0, instance:com.qa.linkedin.testcases.SearchDatadrivenTest@15761df8]" name="doSearhTest" duration-ms="6290" started-at="2022-05-08T07:27:19 IST" data-provider="dp" depends-on-methods="com.qa.linkedin.testcases.SearchDatadrivenTest.doLoginTest" finished-at="2022-05-08T07:27:26 IST">
          <params>
            <param index="0">
              <value>
                <![CDATA[Prasanna]]>
              </value>
            </param>
          </params>
          <reporter-output>
          </reporter-output>
        </test-method> <!-- doSearhTest -->
        <test-method status="FAIL" signature="afterClass()[pri:0, instance:com.qa.linkedin.testcases.SearchDatadrivenTest@15761df8]" name="afterClass" is-config="true" duration-ms="1198" started-at="2022-05-08T07:27:26 IST" finished-at="2022-05-08T07:27:27 IST">
          <exception class="org.openqa.selenium.StaleElementReferenceException">
            <message>
              <![CDATA[stale element reference: element is not attached to the page document
  (Session info: chrome=101.0.4951.54)
For documentation on this error, please visit: https://selenium.dev/exceptions/#stale_element_reference
Build info: version: '4.1.2', revision: '9a5a329c5a'
System info: host: 'DESKTOP-0M1MH5T', ip: '192.168.0.192', os.name: 'Windows 10', os.arch: 'amd64', os.version: '10.0', java.version: '1.8.0_311'
Driver info: org.openqa.selenium.chrome.ChromeDriver
Command: [610aebc46655a445704bda80d1a45b48, clickElement {id=3d2ddc1a-03e7-42de-9375-07edc157395c}]
Capabilities {acceptInsecureCerts: false, browserName: chrome, browserVersion: 101.0.4951.54, chrome: {chromedriverVersion: 101.0.4951.41 (93c720db8323..., userDataDir: C:\Users\LENOVO\AppData\Loc...}, goog:chromeOptions: {debuggerAddress: localhost:61009}, javascriptEnabled: true, networkConnectionEnabled: false, pageLoadStrategy: normal, platform: WINDOWS, platformName: WINDOWS, proxy: Proxy(), se:cdp: ws://localhost:61009/devtoo..., se:cdpVersion: 101.0.4951.54, setWindowRect: true, strictFileInteractability: false, timeouts: {implicit: 0, pageLoad: 300000, script: 30000}, unhandledPromptBehavior: dismiss and notify, webauthn:extension:credBlob: true, webauthn:extension:largeBlob: true, webauthn:virtualAuthenticators: true}
Element: [[ChromeDriver: chrome on WINDOWS (610aebc46655a445704bda80d1a45b48)] -> xpath: //a[@class='global-nav__secondary-link mv1'][contains(.,'Sign Out')]]
Session ID: 610aebc46655a445704bda80d1a45b48]]>
            </message>
            <full-stacktrace>
              <![CDATA[org.openqa.selenium.StaleElementReferenceException: stale element reference: element is not attached to the page document
  (Session info: chrome=101.0.4951.54)
For documentation on this error, please visit: https://selenium.dev/exceptions/#stale_element_reference
Build info: version: '4.1.2', revision: '9a5a329c5a'
System info: host: 'DESKTOP-0M1MH5T', ip: '192.168.0.192', os.name: 'Windows 10', os.arch: 'amd64', os.version: '10.0', java.version: '1.8.0_311'
Driver info: org.openqa.selenium.chrome.ChromeDriver
Command: [610aebc46655a445704bda80d1a45b48, clickElement {id=3d2ddc1a-03e7-42de-9375-07edc157395c}]
Capabilities {acceptInsecureCerts: false, browserName: chrome, browserVersion: 101.0.4951.54, chrome: {chromedriverVersion: 101.0.4951.41 (93c720db8323..., userDataDir: C:\Users\LENOVO\AppData\Loc...}, goog:chromeOptions: {debuggerAddress: localhost:61009}, javascriptEnabled: true, networkConnectionEnabled: false, pageLoadStrategy: normal, platform: WINDOWS, platformName: WINDOWS, proxy: Proxy(), se:cdp: ws://localhost:61009/devtoo..., se:cdpVersion: 101.0.4951.54, setWindowRect: true, strictFileInteractability: false, timeouts: {implicit: 0, pageLoad: 300000, script: 30000}, unhandledPromptBehavior: dismiss and notify, webauthn:extension:credBlob: true, webauthn:extension:largeBlob: true, webauthn:virtualAuthenticators: true}
Element: [[ChromeDriver: chrome on WINDOWS (610aebc46655a445704bda80d1a45b48)] -> xpath: //a[@class='global-nav__secondary-link mv1'][contains(.,'Sign Out')]]
Session ID: 610aebc46655a445704bda80d1a45b48
at sun.reflect.NativeConstructorAccessorImpl.newInstance0(Native Method)
at sun.reflect.NativeConstructorAccessorImpl.newInstance(NativeConstructorAccessorImpl.java:62)
at sun.reflect.DelegatingConstructorAccessorImpl.newInstance(DelegatingConstructorAccessorImpl.java:45)
at java.lang.reflect.Constructor.newInstance(Constructor.java:423)
at org.openqa.selenium.remote.codec.w3c.W3CHttpResponseCodec.createException(W3CHttpResponseCodec.java:200)
at org.openqa.selenium.remote.codec.w3c.W3CHttpResponseCodec.decode(W3CHttpResponseCodec.java:133)
at org.openqa.selenium.remote.codec.w3c.W3CHttpResponseCodec.decode(W3CHttpResponseCodec.java:53)
at org.openqa.selenium.remote.HttpCommandExecutor.execute(HttpCommandExecutor.java:184)
at org.openqa.selenium.remote.service.DriverCommandExecutor.invokeExecute(DriverCommandExecutor.java:167)
at org.openqa.selenium.remote.service.DriverCommandExecutor.execute(DriverCommandExecutor.java:142)
at org.openqa.selenium.remote.RemoteWebDriver.execute(RemoteWebDriver.java:558)
at org.openqa.selenium.remote.RemoteWebElement.execute(RemoteWebElement.java:251)
at org.openqa.selenium.remote.RemoteWebElement.click(RemoteWebElement.java:77)
at sun.reflect.NativeMethodAccessorImpl.invoke0(Native Method)
at sun.reflect.NativeMethodAccessorImpl.invoke(NativeMethodAccessorImpl.java:62)
at sun.reflect.DelegatingMethodAccessorImpl.invoke(DelegatingMethodAccessorImpl.java:43)
at java.lang.reflect.Method.invoke(Method.java:498)
at org.openqa.selenium.support.pagefactory.internal.LocatingElementHandler.invoke(LocatingElementHandler.java:52)
at com.sun.proxy.$Proxy16.click(Unknown Source)
at com.qa.linkedin.pages.BasePageWeb.click(BasePageWeb.java:46)
at com.qa.linkedin.pages.LinkedinLoggedinPage.doSignOut(LinkedinLoggedinPage.java:51)
at com.qa.linkedin.testcases.SearchDatadrivenTest.afterClass(SearchDatadrivenTest.java:67)
at sun.reflect.NativeMethodAccessorImpl.invoke0(Native Method)
at sun.reflect.NativeMethodAccessorImpl.invoke(NativeMethodAccessorImpl.java:62)
at sun.reflect.DelegatingMethodAccessorImpl.invoke(DelegatingMethodAccessorImpl.java:43)
at java.lang.reflect.Method.invoke(Method.java:498)
at org.testng.internal.invokers.MethodInvocationHelper.invokeMethod(MethodInvocationHelper.java:135)
at org.testng.internal.invokers.MethodInvocationHelper.invokeMethodConsideringTimeout(MethodInvocationHelper.java:65)
at org.testng.internal.invokers.ConfigInvoker.invokeConfigurationMethod(ConfigInvoker.java:381)
at org.testng.internal.invokers.ConfigInvoker.invokeConfigurations(ConfigInvoker.java:319)
at org.testng.internal.invokers.TestMethodWorker.invokeAfterClassMethods(TestMethodWorker.java:220)
at org.testng.internal.invokers.TestMethodWorker.run(TestMethodWorker.java:130)
at java.util.ArrayList.forEach(ArrayList.java:1259)
at org.testng.TestRunner.privateRun(TestRunner.java:808)
at org.testng.TestRunner.run(TestRunner.java:603)
at org.testng.SuiteRunner.runTest(SuiteRunner.java:429)
at org.testng.SuiteRunner.runSequentially(SuiteRunner.java:423)
at org.testng.SuiteRunner.privateRun(SuiteRunner.java:383)
at org.testng.SuiteRunner.run(SuiteRunner.java:326)
at org.testng.SuiteRunnerWorker.runSuite(SuiteRunnerWorker.java:52)
at org.testng.SuiteRunnerWorker.run(SuiteRunnerWorker.java:95)
at org.testng.TestNG.runSuitesSequentially(TestNG.java:1249)
at org.testng.TestNG.runSuitesLocally(TestNG.java:1169)
at org.testng.TestNG.runSuites(TestNG.java:1092)
at org.testng.TestNG.run(TestNG.java:1060)
at org.apache.maven.surefire.testng.TestNGExecutor.run(TestNGExecutor.java:281)
at org.apache.maven.surefire.testng.TestNGXmlTestSuite.execute(TestNGXmlTestSuite.java:75)
at org.apache.maven.surefire.testng.TestNGProvider.invoke(TestNGProvider.java:121)
at org.apache.maven.surefire.booter.ForkedBooter.invokeProviderInSameClassLoader(ForkedBooter.java:290)
at org.apache.maven.surefire.booter.ForkedBooter.runSuitesInProcess(ForkedBooter.java:242)
at org.apache.maven.surefire.booter.ForkedBooter.main(ForkedBooter.java:121)
]]>
            </full-stacktrace>
          </exception> <!-- org.openqa.selenium.StaleElementReferenceException -->
          <reporter-output>
          </reporter-output>
        </test-method> <!-- afterClass -->
        <test-method status="SKIP" signature="tearDown()[pri:0, instance:com.qa.linkedin.testcases.SearchDatadrivenTest@15761df8]" name="tearDown" is-config="true" duration-ms="0" started-at="2022-05-08T07:27:28 IST" finished-at="2022-05-08T07:27:28 IST">
          <reporter-output>
          </reporter-output>
        </test-method> <!-- tearDown -->
      </class> <!-- com.qa.linkedin.testcases.SearchDatadrivenTest -->
    </test> <!-- HybridFrameworkTest -->
  </suite> <!-- HybridFrameworkSuite -->
</testng-results>
